<?xml version="1.0" encoding="UTF-8"?>
<!-- Generated by org.testng.reporters.JUnitReportReporter -->
<testsuite hostname="Praveen" failures="0" tests="2" name="testrunner.TestRunner" time="58.846" errors="0" timestamp="2024-10-06T13:28:17 IST" skipped="0">
  <testcase classname="testrunner.TestRunner" name="runScenario" time="40.670"/>
  <testcase classname="testrunner.TestRunner" name="runScenario" time="18.176"/>
</testsuite> <!-- testrunner.TestRunner -->
