<?xml version="1.0" encoding="UTF-8"?>
<!-- Generated by org.testng.reporters.JUnitReportReporter -->
<testsuite hostname="Praveen" failures="0" tests="2" name="testrunner.TestRunner" time="73.017" errors="0" timestamp="2024-10-06T18:43:32 IST" skipped="0">
  <testcase classname="testrunner.TestRunner" name="runScenario" time="20.166"/>
  <testcase classname="testrunner.TestRunner" name="runScenario" time="52.851"/>
</testsuite> <!-- testrunner.TestRunner -->
