<?xml version="1.0" encoding="UTF-8"?>
<!-- Generated by org.testng.reporters.JUnitReportReporter -->
<testsuite hostname="Praveen" failures="0" tests="2" name="testrunner.TestRunner" time="53.311" errors="0" timestamp="2024-10-06T12:47:13 IST" skipped="0">
  <testcase classname="testrunner.TestRunner" name="runScenario" time="17.317"/>
  <testcase classname="testrunner.TestRunner" name="runScenario" time="35.994"/>
</testsuite> <!-- testrunner.TestRunner -->
